<?xml version="1.0" encoding="UTF-8"?>
<!-- Generated by org.testng.reporters.JUnitReportReporter -->
<testsuite skipped="0" hostname="HDC2-L-C9GKPN2" name="actionsDemos.Demo2" tests="1" failures="0" timestamp="29 Oct 2019 04:59:09 GMT" time="22.244" errors="0">
  <testcase name="Testcase1" time="22.244" classname="actionsDemos.Demo2"/>
</testsuite> <!-- actionsDemos.Demo2 -->
