<?xml version="1.0" encoding="UTF-8"?>
<!-- Generated by org.testng.reporters.JUnitReportReporter -->
<testsuite skipped="0" hostname="HDC2-L-C9GKPN2" name="actionsDemos.readxl" tests="1" failures="0" timestamp="30 Oct 2019 03:58:55 GMT" time="0.560" errors="0">
  <testcase name="f" time="0.560" classname="actionsDemos.readxl"/>
</testsuite> <!-- actionsDemos.readxl -->
