<?xml version="1.0" encoding="UTF-8"?>
<!-- Generated by org.testng.reporters.JUnitReportReporter -->
<testsuite skipped="0" hostname="HDC2-L-C9GKPN2" name="actionsDemos.Demo3" tests="1" failures="0" timestamp="29 Oct 2019 06:10:49 GMT" time="25.071" errors="0">
  <testcase name="f" time="25.071" classname="actionsDemos.Demo3"/>
</testsuite> <!-- actionsDemos.Demo3 -->
