<?xml version="1.0" encoding="UTF-8"?>
<!-- Generated by org.testng.reporters.JUnitReportReporter -->
<testsuite skipped="0" hostname="HDC2-L-C9GKPN2" name="actionsDemos.xlsxread" tests="1" failures="0" timestamp="30 Oct 2019 04:16:50 GMT" time="0.551" errors="0">
  <testcase name="readxl" time="0.551" classname="actionsDemos.xlsxread"/>
</testsuite> <!-- actionsDemos.xlsxread -->
