<?xml version="1.0" encoding="UTF-8"?>
<!-- Generated by org.testng.reporters.JUnitReportReporter -->
<testsuite skipped="0" hostname="HDC2-L-C9GKPN2" name="actionsDemos.Demo1" tests="1" failures="0" timestamp="29 Oct 2019 06:12:11 GMT" time="25.154" errors="0">
  <testcase name="f" time="25.154" classname="actionsDemos.Demo1"/>
</testsuite> <!-- actionsDemos.Demo1 -->
