<?xml version="1.0" encoding="UTF-8"?>
<!-- Generated by org.testng.reporters.JUnitReportReporter -->
<testsuite skipped="0" hostname="HDC2-L-C9GKPN2" name="actionsDemos.RobotDemo" tests="1" failures="0" timestamp="29 Oct 2019 08:47:55 GMT" time="11.162" errors="0">
  <testcase name="f" time="11.162" classname="actionsDemos.RobotDemo"/>
</testsuite> <!-- actionsDemos.RobotDemo -->
